<?xml version="1.0" encoding="utf-8"?><testsuites name="pytest tests"><testsuite name="pytest" errors="0" failures="0" skipped="0" tests="79" time="3.106" timestamp="2025-10-15T22:21:15.451077-04:00" hostname="home"><testcase classname="test.test_score" name="test_indirect_only_progression[12-10-low]" file="test\test_score.py" line="53" time="0.006" /><testcase classname="test.test_score" name="test_indirect_only_progression[1-2-low]" file="test\test_score.py" line="53" time="0.006" /><testcase classname="test.test_score" name="test_weak_only_progression[3-50-medium]" file="test\test_score.py" line="37" time="0.002" /><testcase classname="test.test_score" name="test_weak_only_progression[10-50-medium]" file="test\test_score.py" line="37" time="0.002" /><testcase classname="test.test_score" name="test_strong_plus_indirect_adds_small_bonus" file="test\test_score.py" line="77" time="0.001" /><testcase classname="test.test_score" name="test_two_weak_plus_indirect_is_medium_not_high" file="test\test_score.py" line="85" time="0.001" /><testcase classname="test.test_score" name="test_strong_plus_weak_saturates_and_clamps_to_100" file="test\test_score.py" line="69" time="0.001" /><testcase classname="test.test_score" name="test_strong_alone_scores_high" file="test\test_score.py" line="29" time="0.001" /><testcase classname="test.test_score" name="test_empty_evidence_scores_low" file="test\test_score.py" line="23" time="0.001" /><testcase classname="test.test_score" name="test_one_weak_plus_indirect_stays_low" file="test\test_score.py" line="93" time="0.001" /><testcase classname="test.test_score" name="test_indirect_only_progression[4-8-low]" file="test\test_score.py" line="53" time="0.002" /><testcase classname="test.test_cache" name="test_caching_errors_when_enabled" file="test\test_cache.py" line="60" time="0.029" /><testcase classname="test.test_score" name="test_weak_only_progression[1-25-low]" file="test\test_score.py" line="37" time="0.002" /><testcase classname="test.test_score" name="test_indirect_only_progression[5-10-low]" file="test\test_score.py" line="53" time="0.002" /><testcase classname="test.test_score" name="test_weak_only_progression[2-50-medium]" file="test\test_score.py" line="37" time="0.002" /><testcase classname="test.test_link_logic_more" name="test_is_fetchable_url[-False]" file="test\test_link_logic_more.py" line="46" time="0.002" /><testcase classname="test.test_link_logic_more" name="test_is_fetchable_url[data:text/html,hi-False]" file="test\test_link_logic_more.py" line="46" time="0.002" /><testcase classname="test.test_link_logic_more" name="test_detect_backlink_element_matches_resolved_and_normalized" file="test\test_link_logic_more.py" line="145" time="0.003" /><testcase classname="test.test_link_logic_more" name="test_is_fetchable_url[ftp://example.com/file-False]" file="test\test_link_logic_more.py" line="46" time="0.002" /><testcase classname="test.test_cache" name="test_os_default_directory_uses_platformdirs" file="test\test_cache.py" line="84" time="0.023" /><testcase classname="test.test_link_logic_more" name="test_is_fetchable_url[http://example.com-True]" file="test\test_link_logic_more.py" line="46" time="0.001" /><testcase classname="test.test_link_logic_more" name="test__netloc_extracts_host" file="test\test_link_logic_more.py" line="66" time="0.001" /><testcase classname="test.test_link_logic_more" name="test_make_evidence_fields_populated" file="test\test_link_logic_more.py" line="283" time="0.002" /><testcase classname="test.test_link_logic_more" name="test_is_fetchable_url[https://example.com/x-True]" file="test\test_link_logic_more.py" line="46" time="0.002" /><testcase classname="test.test_link_logic_more" name="test_normalize_url_basic[https://example.com/-https://example.com]" file="test\test_link_logic_more.py" line="24" time="0.001" /><testcase classname="test.test_link_logic_more" name="test__registrable_domain_or_fallback_strips_www_when_no_tldextract" file="test\test_link_logic_more.py" line="72" time="0.049" /><testcase classname="test.test_cache" name="test_not_caching_errors_by_default" file="test\test_cache.py" line="38" time="0.019" /><testcase classname="test.test_cache" name="test_create_cache_object_idempotent" file="test\test_cache.py" line="112" time="0.020" /><testcase classname="test.test_cache" name="test_set_and_get_html_ok_lowercases_headers_and_content_type" file="test\test_cache.py" line="7" time="0.023" /><testcase classname="test.test_link_logic_more" name="test_is_fetchable_url[tel:+123456-False]" file="test\test_link_logic_more.py" line="46" time="0.001" /><testcase classname="test.test_link_logic_more" name="test_queue_candidates_from_origin_policy_blocks_self_and_subdomains" file="test\test_link_logic_more.py" line="238" time="0.002" /><testcase classname="test.test_link_logic_more" name="test__is_same_domain_blocked_naive[no-self-domain-or-subdomain-other.com-example.com-False]" file="test\test_link_logic_more.py" line="86" time="0.002" /><testcase classname="test.test_link_logic_more" name="test_detect_backlink_element_ignores_non_fetchable" file="test\test_link_logic_more.py" line="159" time="0.002" /><testcase classname="test.test_link_logic_more" name="test_extract_href_elements_includes_a_and_link_only_with_href" file="test\test_link_logic_more.py" line="125" time="0.002" /><testcase classname="test.test_cache" name="test_disabled_cache_does_not_initialize_internal_cache" file="test\test_cache.py" line="128" time="0.001" /><testcase classname="test.test_link_logic_more" name="test_queue_candidates_from_origin_skips_non_fetchable_and_duplicates_and_visited" file="test\test_link_logic_more.py" line="172" time="0.003" /><testcase classname="test.test_link_logic_more" name="test__is_same_domain_blocked_naive[no-self-domain-or-subdomain-example.com-example.com-True]" file="test\test_link_logic_more.py" line="86" time="0.002" /><testcase classname="test.test_link_logic_more" name="test__is_same_domain_blocked_naive[no-self-domain-or-subdomain-a.example.com-example.com-True]" file="test\test_link_logic_more.py" line="86" time="0.002" /><testcase classname="test.test_link_logic_more" name="test__is_same_domain_blocked_naive[follow-a.example.com-example.com-False]" file="test\test_link_logic_more.py" line="86" time="0.002" /><testcase classname="test.test_link_logic_more" name="test_is_fetchable_url[about:blank-False]" file="test\test_link_logic_more.py" line="46" time="0.001" /><testcase classname="test.test_link_logic_more" name="test__is_same_domain_blocked_naive[no-self-domain-example.com-example.com-True]" file="test\test_link_logic_more.py" line="86" time="0.002" /><testcase classname="test.test_link_logic_more" name="test__is_same_domain_blocked_naive[no-self-domain-a.example.com-example.com-False]" file="test\test_link_logic_more.py" line="86" time="0.002" /><testcase classname="test.test_link_logic_more" name="test_normalize_url_basic[HTTP://EXAMPLE.COM/Path/#frag-http://example.com/Path]" file="test\test_link_logic_more.py" line="24" time="0.002" /><testcase classname="test.test_link_logic_more" name="test_normalize_url_malformed_returns_input" file="test\test_link_logic_more.py" line="38" time="0.001" /><testcase classname="test.test_link_logic_more" name="test_normalize_url_basic[https://example.com-https://example.com]" file="test\test_link_logic_more.py" line="24" time="0.001" /><testcase classname="test.test_link_logic_more" name="test_normalize_url_basic[https://example.com/a/b/-https://example.com/a/b]" file="test\test_link_logic_more.py" line="24" time="0.002" /><testcase classname="test.test_link_logic_more" name="test_is_fetchable_url[mailto:user@example.com-False]" file="test\test_link_logic_more.py" line="46" time="0.002" /><testcase classname="test.test_link_logic_more" name="test__is_same_domain_blocked_registrable_domain" file="test\test_link_logic_more.py" line="108" time="0.002" /><testcase classname="test.test_link_logic_more" name="test_is_fetchable_url[javascript:alert(1)-False]" file="test\test_link_logic_more.py" line="46" time="0.001" /><testcase classname="test.test_link_logic_more" name="test__registrable_domain_or_with_tldextract_if_available" file="test\test_link_logic_more.py" line="78" time="0.001" /><testcase classname="test.test_blacklist" name="test_is_blacklisted_matrix[https://twitter.com/abc-True]" file="test\test_blacklist.py" line="55" time="0.023" /><testcase classname="test.test_link_logic_more" name="test_queue_candidates_from_origin_respects_max_outlinks" file="test\test_link_logic_more.py" line="208" time="0.002" /><testcase classname="test.test_link_logic_more" name="test_normalize_url_basic[https://Example.com/-https://example.com]" file="test\test_link_logic_more.py" line="24" time="0.001" /><testcase classname="test.test_link_logic_more" name="test_classify_backlink_rel_me_and_trusted_surface" file="test\test_link_logic_more.py" line="269" time="0.001" /><testcase classname="test.test_blacklist" name="test_queue_candidates_from_origin_respects_blacklist" file="test\test_blacklist.py" line="92" time="0.027" /><testcase classname="test.test_blacklist" name="test_is_blacklisted_matrix[https://github.com/resources/case-studies-True]" file="test\test_blacklist.py" line="55" time="0.002" /><testcase classname="test.test_blacklist" name="test_queue_candidates_from_pivot_respects_blacklist_and_origin_exclusion" file="test\test_blacklist.py" line="114" time="0.007" /><testcase classname="test.test_blacklist" name="test_is_blacklisted_matrix[https://meta.stackoverflow.co/-True]" file="test\test_blacklist.py" line="55" time="0.002" /><testcase classname="test.test_blacklist" name="test_is_blacklisted_matrix[https://github.com/sponsors/pypa-True]" file="test\test_blacklist.py" line="55" time="0.001" /><testcase classname="test.test_blacklist" name="test_is_blacklisted_matrix[https://api.stackexchange.com/2.3/questions-True]" file="test\test_blacklist.py" line="55" time="0.002" /><testcase classname="test.test_blacklist" name="test_is_blacklisted_matrix[https://github.com/features/code-security-True]" file="test\test_blacklist.py" line="55" time="0.002" /><testcase classname="test.test_blacklist" name="test_is_blacklisted_matrix[https://stackoverflow.blog/inside-stack/-True]" file="test\test_blacklist.py" line="55" time="0.002" /><testcase classname="test.test_blacklist" name="test_is_blacklisted_matrix[https://pypi.org/project/requests/-False]" file="test\test_blacklist.py" line="55" time="0.002" /><testcase classname="test.test_blacklist" name="test_is_blacklisted_matrix[https://stackoverflow.co/company-True]" file="test\test_blacklist.py" line="55" time="0.002" /><testcase classname="test.test_blacklist" name="test_is_blacklisted_matrix[https://x.com/someuser/status/123-True]" file="test\test_blacklist.py" line="55" time="0.002" /><testcase classname="test.test_blacklist" name="test_is_blacklisted_matrix[https://github.com/sponsors-True]" file="test\test_blacklist.py" line="55" time="0.001" /><testcase classname="test.test_blacklist" name="test_is_blacklisted_matrix[https://github.com/marketplace-True]" file="test\test_blacklist.py" line="55" time="0.002" /><testcase classname="test.test_blacklist" name="test_is_blacklisted_matrix[https://joinmastodon.org-True]" file="test\test_blacklist.py" line="55" time="0.001" /><testcase classname="test.test_blacklist" name="test_is_blacklisted_matrix[https://github.com/trending/python?since=daily-True]" file="test\test_blacklist.py" line="55" time="0.002" /><testcase classname="test.test_blacklist" name="test_is_blacklisted_matrix[https://news.joinmastodon.org-True]" file="test\test_blacklist.py" line="55" time="0.002" /><testcase classname="test.test_blacklist" name="test_is_blacklisted_matrix[https://joinmastodon.org/servers-True]" file="test\test_blacklist.py" line="55" time="0.001" /><testcase classname="test.test_blacklist" name="test_is_blacklisted_matrix[https://docs.joinmastodon.org/admin/config-True]" file="test\test_blacklist.py" line="55" time="0.002" /><testcase classname="test.test_blacklist" name="test_is_blacklisted_matrix[https://linkedin.com/in/matthewdeanmartin-True]" file="test\test_blacklist.py" line="55" time="0.002" /><testcase classname="test.test_blacklist" name="test_is_blacklisted_matrix[https://reddit.com/r/something-True]" file="test\test_blacklist.py" line="55" time="0.002" /><testcase classname="test.test_blacklist" name="test_is_blacklisted_matrix[https://github.com/pypa/pip-False]" file="test\test_blacklist.py" line="55" time="0.002" /><testcase classname="test.test_blacklist" name="test_is_blacklisted_matrix[https://example.org/about-False]" file="test\test_blacklist.py" line="55" time="0.002" /><testcase classname="test.test_all" name="test_score_with_one_strong_signal" file="test\test_all.py" line="9" time="0.001" /><testcase classname="test.test_all" name="test_score_with_no_evidence" file="test\test_all.py" line="44" time="0.001" /><testcase classname="test.test_all" name="test_score_with_weak_signals" file="test\test_all.py" line="31" time="0.001" /></testsuite></testsuites>